0 info it worked if it ends with ok
1 verbose cli [ '/usr/bin/node', '/usr/bin/npm', 'run', 'lint' ]
2 info using npm@3.5.2
3 info using node@v8.10.0
4 verbose run-script [ 'prelint', 'lint', 'postlint' ]
5 info lifecycle array-method-unshift@1.0.0~prelint: array-method-unshift@1.0.0
6 silly lifecycle array-method-unshift@1.0.0~prelint: no script for prelint, continuing
7 info lifecycle array-method-unshift@1.0.0~lint: array-method-unshift@1.0.0
8 verbose lifecycle array-method-unshift@1.0.0~lint: unsafe-perm in lifecycle true
9 verbose lifecycle array-method-unshift@1.0.0~lint: PATH: /usr/share/npm/bin/node-gyp-bin:/home/bratyslav/projects/js_array-method-unshift/node_modules/.bin:/usr/local/sbin:/usr/local/bin:/usr/sbin:/usr/bin:/sbin:/bin:/usr/games:/usr/local/games:/snap/bin
10 verbose lifecycle array-method-unshift@1.0.0~lint: CWD: /home/bratyslav/projects/js_array-method-unshift
11 silly lifecycle array-method-unshift@1.0.0~lint: Args: [ '-c', 'eslint **/*.js' ]
12 silly lifecycle array-method-unshift@1.0.0~lint: Returned: code: 1  signal: null
13 info lifecycle array-method-unshift@1.0.0~lint: Failed to exec lint script
14 verbose stack Error: array-method-unshift@1.0.0 lint: `eslint **/*.js`
14 verbose stack Exit status 1
14 verbose stack     at EventEmitter.<anonymous> (/usr/share/npm/lib/utils/lifecycle.js:232:16)
14 verbose stack     at emitTwo (events.js:126:13)
14 verbose stack     at EventEmitter.emit (events.js:214:7)
14 verbose stack     at ChildProcess.<anonymous> (/usr/share/npm/lib/utils/spawn.js:24:14)
14 verbose stack     at emitTwo (events.js:126:13)
14 verbose stack     at ChildProcess.emit (events.js:214:7)
14 verbose stack     at maybeClose (internal/child_process.js:925:16)
14 verbose stack     at Process.ChildProcess._handle.onexit (internal/child_process.js:209:5)
15 verbose pkgid array-method-unshift@1.0.0
16 verbose cwd /home/bratyslav/projects/js_array-method-unshift
17 error Linux 4.18.0-21-generic
18 error argv "/usr/bin/node" "/usr/bin/npm" "run" "lint"
19 error node v8.10.0
20 error npm  v3.5.2
21 error code ELIFECYCLE
22 error array-method-unshift@1.0.0 lint: `eslint **/*.js`
22 error Exit status 1
23 error Failed at the array-method-unshift@1.0.0 lint script 'eslint **/*.js'.
23 error Make sure you have the latest version of node.js and npm installed.
23 error If you do, this is most likely a problem with the array-method-unshift package,
23 error not with npm itself.
23 error Tell the author that this fails on your system:
23 error     eslint **/*.js
23 error You can get information on how to open an issue for this project with:
23 error     npm bugs array-method-unshift
23 error Or if that isn't available, you can get their info via:
23 error     npm owner ls array-method-unshift
23 error There is likely additional logging output above.
24 verbose exit [ 1, true ]
